#
# A fatal error has been detected by the Java Runtime Environment:
#
#  SIGBUS (0xa) at pc=0x000000010eb725dc, pid=84502, tid=16647
#
# JRE version: Java(TM) SE Runtime Environment (8.0_20-b26) (build 1.8.0_20-b26)
# Java VM: Java HotSpot(TM) 64-Bit Server VM (25.20-b23 mixed mode bsd-amd64 compressed oops)
# Problematic frame:
# V  [libjvm.dylib+0x5725dc]  interpretedVFrame::monitors() const+0xe0
#
# Failed to write core dump. Core dumps have been disabled. To enable core dumping, try "ulimit -c unlimited" before starting Java again
#
# If you would like to submit a bug report, please visit:
#   http://bugreport.sun.com/bugreport/crash.jsp
#

---------------  T H R E A D  ---------------

Current thread (0x00007fdd5f03e000):  JavaThread "JDWP Transport Listener: dt_socket" daemon [_thread_in_vm, id=16647, stack(0x00007000093ef000,0x00007000094ef000)]

siginfo: si_signo: 10 (SIGBUS), si_code: 2 (BUS_ADRERR), si_addr: 0x0000700008ad6ff8

Registers:
RAX=0x00000007958cf478, RBX=0x00007fdd5e898c10, RCX=0x00007fdd5f179bf0, RDX=0x0000000126a75010
RSP=0x00007000094ee130, RBP=0x00007000094ee220, RSI=0x0000700008ad7000, RDI=0x00007000094ee190
R8 =0x0000000000000000, R9 =0xffffffff00000000, R10=0x000000010ede9598, R11=0x000000010ede95a0
R12=0x0000700008ad6ff0, R13=0x0000000000000000, R14=0x00007fdd5e899210, R15=0x00007000094ee1c8
RIP=0x000000010eb725dc, EFLAGS=0x0000000000010216, ERR=0x0000000000000004
  TRAPNO=0x000000000000000e

Top of Stack: (sp=0x00007000094ee130)
0x00007000094ee130:   0000700008bd3820 00000001116c9a0d
0x00007000094ee140:   00000001116c7310 0000000700000000
0x00007000094ee150:   0000700008bd3870 0000700008bd3830
0x00007000094ee160:   0000700008bd3820 00000001116c9a0d
0x00007000094ee170:   00000001116c7310 0000000700000000
0x00007000094ee180:   0000700008bd3870 0000700008bd3830
0x00007000094ee190:   0000700008bd3820 00000001116c9a0d
0x00007000094ee1a0:   00000001116c7310 0000000700000000
0x00007000094ee1b0:   0000700008bd3870 0000700008bd3830
0x00007000094ee1c0:   00007fdd5f179bf0 0000700008bd3820
0x00007000094ee1d0:   00000001116c9a0d 00000001116c7310
0x00007000094ee1e0:   0000000700000000 0000700008bd3870
0x00007000094ee1f0:   0000700008bd3830 00007fdd5df0b950
0x00007000094ee200:   000000010edd6310 00007fdd5e898c10
0x00007000094ee210:   00007fdd5e898c10 00007fdd5f000000
0x00007000094ee220:   00007000094ee2f0 000000010e967104
0x00007000094ee230:   000000079582b810 000000079582b798
0x00007000094ee240:   00007fdd5f03e000 000000019582b6b8
0x00007000094ee250:   000000079582b648 000000079582b5d8
0x00007000094ee260:   000000079582b568 000000079582b4f8
0x00007000094ee270:   000000079582b488 000000079582b418
0x00007000094ee280:   000000079582b3a8 000000079582b2a0
0x00007000094ee290:   000000079582b150 0000000000000c00
0x00007000094ee2a0:   00007fdd5dc12470 00007fdd5e898600
0x00007000094ee2b0:   00007fdd5e899210 00007fdd5e8a05e8
0x00007000094ee2c0:   00000000000083b0 00007fdd5f000000
0x00007000094ee2d0:   000000010edd6310 00007fdd5e898c10
0x00007000094ee2e0:   00007fdd5f03e000 0000000000000001
0x00007000094ee2f0:   00007000094ee980 000000010e9680b4
0x00007000094ee300:   00007fdd5de02610 00007fdd5df0b950
0x00007000094ee310:   00007000094ee360 000000010e6a2083
0x00007000094ee320:   00007fdd5de02610 00007fdd5dd2b360 

Instructions: (pc=0x000000010eb725dc)
0x000000010eb725bc:   48 8b 4b 30 48 89 8d 68 ff ff ff 48 8d bd 40 ff
0x000000010eb725cc:   ff ff 48 89 c6 e8 0e 81 cc ff 4c 8d 7d a8 eb 79
0x000000010eb725dc:   4d 8b 6c 24 08 31 f6 bf 20 00 00 00 e8 7d 85 f3
0x000000010eb725ec:   ff 48 85 c0 74 17 4c 89 28 48 c7 40 10 00 00 00 

Register to memory mapping:

RAX=0x00000007958cf478 is an oop
java.lang.NullPointerException 
 - klass: 'java/lang/NullPointerException'
RBX=0x00007fdd5e898c10 is an unknown value
RCX=0x00007fdd5f179bf0 is an unknown value
RDX=0x0000000126a75010 is an unknown value
RSP=0x00007000094ee130 is pointing into the stack for thread: 0x00007fdd5f03e000
RBP=0x00007000094ee220 is pointing into the stack for thread: 0x00007fdd5f03e000
RSI=0x0000700008ad7000 is pointing into the stack for thread: 0x00007fdd5f000000
RDI=0x00007000094ee190 is pointing into the stack for thread: 0x00007fdd5f03e000
R8 =0x0000000000000000 is an unknown value
R9 =0xffffffff00000000 is an unknown value
R10=0x000000010ede9598: _ZL8tc_mutex+0x18 in /Library/Java/JavaVirtualMachines/jdk1.8.0_20.jdk/Contents/Home/jre/lib/server/libjvm.dylib at 0x000000010e600000
R11=0x000000010ede95a0: _ZL8tc_mutex+0x20 in /Library/Java/JavaVirtualMachines/jdk1.8.0_20.jdk/Contents/Home/jre/lib/server/libjvm.dylib at 0x000000010e600000
R12=0x0000700008ad6ff0 is pointing into the stack for thread: 0x00007fdd5f000000
R13=0x0000000000000000 is an unknown value
R14=0x00007fdd5e899210 is an unknown value
R15=0x00007000094ee1c8 is pointing into the stack for thread: 0x00007fdd5f03e000


Stack: [0x00007000093ef000,0x00007000094ef000],  sp=0x00007000094ee130,  free space=1020k
Native frames: (J=compiled Java code, j=interpreted, Vv=VM code, C=native code)
V  [libjvm.dylib+0x5725dc]  interpretedVFrame::monitors() const+0xe0
V  [libjvm.dylib+0x367104]  JvmtiEnvBase::get_locked_objects_in_frame(JavaThread*, JavaThread*, javaVFrame*, GrowableArray<_jvmtiMonitorStackDepthInfo*>*, int)+0x6e
V  [libjvm.dylib+0x3680b4]  JvmtiEnvBase::get_owned_monitors(JavaThread*, JavaThread*, GrowableArray<_jvmtiMonitorStackDepthInfo*>*)+0xe2
V  [libjvm.dylib+0x364b5b]  JvmtiEnv::GetOwnedMonitorInfo(JavaThread*, int*, _jobject***)+0x9b
V  [libjvm.dylib+0x33a3a1]  jvmti_GetOwnedMonitorInfo+0x155
C  [libjdwp.dylib+0x8570]  ownedMonitors+0xe7
C  [libjdwp.dylib+0xe8f6]  debugLoop_run+0x1ce
C  [libjdwp.dylib+0x1f716]  attachThread+0x4d
V  [libjvm.dylib+0x375f22]  JvmtiAgentThread::call_start_function()+0x38
V  [libjvm.dylib+0x535a51]  JavaThread::thread_main_inner()+0x9b
V  [libjvm.dylib+0x537194]  JavaThread::run()+0x1c2
V  [libjvm.dylib+0x45d35a]  java_start(Thread*)+0xf6
C  [libsystem_pthread.dylib+0x36c1]  _pthread_body+0x154
C  [libsystem_pthread.dylib+0x356d]  _pthread_body+0x0
C  [libsystem_pthread.dylib+0x2c5d]  thread_start+0xd
C  0x0000000000000000


---------------  P R O C E S S  ---------------

Java Threads: ( => current thread )
  0x00007fdd5e01e800 JavaThread "Service Thread" daemon [_thread_blocked, id=19715, stack(0x0000700009a01000,0x0000700009b01000)]
  0x00007fdd5e00b000 JavaThread "C1 CompilerThread2" daemon [_thread_blocked, id=19203, stack(0x00007000098fe000,0x00007000099fe000)]
  0x00007fdd5f805000 JavaThread "C2 CompilerThread1" daemon [_thread_blocked, id=18691, stack(0x00007000097fb000,0x00007000098fb000)]
  0x00007fdd5f804000 JavaThread "C2 CompilerThread0" daemon [_thread_blocked, id=18179, stack(0x00007000096f8000,0x00007000097f8000)]
  0x00007fdd5f00f800 JavaThread "JDWP Command Reader" daemon [_thread_in_native, id=17667, stack(0x00007000095f5000,0x00007000096f5000)]
  0x00007fdd5f00d000 JavaThread "JDWP Event Helper Thread" daemon [_thread_blocked, id=17155, stack(0x00007000094f2000,0x00007000095f2000)]
=>0x00007fdd5f03e000 JavaThread "JDWP Transport Listener: dt_socket" daemon [_thread_in_vm, id=16647, stack(0x00007000093ef000,0x00007000094ef000)]
  0x00007fdd5e84c800 JavaThread "Signal Dispatcher" daemon [_thread_blocked, id=16139, stack(0x00007000092ec000,0x00007000093ec000)]
  0x00007fdd5e017800 JavaThread "Finalizer" daemon [_thread_blocked, id=12803, stack(0x00007000091e9000,0x00007000092e9000)]
  0x00007fdd5e003800 JavaThread "Reference Handler" daemon [_thread_blocked, id=12291, stack(0x00007000090e6000,0x00007000091e6000)]
  0x00007fdd5f000000 JavaThread "main" [_thread_blocked, id=6659, stack(0x0000700008ad4000,0x0000700008bd4000)]

Other Threads:
  0x00007fdd5f00c800 VMThread [stack: 0x0000700008fe3000,0x00007000090e3000] [id=11779]
  0x00007fdd5e03b800 WatcherThread [stack: 0x0000700009b04000,0x0000700009c04000] [id=20227]

VM state:not at safepoint (normal execution)

VM Mutex/Monitor currently owned by a thread: None

Heap:
 PSYoungGen      total 38400K, used 3993K [0x0000000795580000, 0x0000000798000000, 0x00000007c0000000)
  eden space 33280K, 12% used [0x0000000795580000,0x00000007959667d0,0x0000000797600000)
  from space 5120K, 0% used [0x0000000797b00000,0x0000000797b00000,0x0000000798000000)
  to   space 5120K, 0% used [0x0000000797600000,0x0000000797600000,0x0000000797b00000)
 ParOldGen       total 87552K, used 0K [0x0000000740000000, 0x0000000745580000, 0x0000000795580000)
  object space 87552K, 0% used [0x0000000740000000,0x0000000740000000,0x0000000745580000)
 Metaspace       used 3990K, capacity 4736K, committed 4864K, reserved 1056768K
  class space    used 441K, capacity 496K, committed 512K, reserved 1048576K

Card table byte_map: [0x000000010f966000,0x000000010fd67000] byte_map_base: 0x000000010bf66000

Marking Bits: (ParMarkBitMap*) 0x000000010ee9c330
 Begin Bits: [0x00000001206c2000, 0x00000001226c2000)
 End Bits:   [0x00000001226c2000, 0x00000001246c2000)

Polling page: 0x000000010ddc9000

CodeCache: size=245760Kb used=1235Kb max_used=1235Kb free=244525Kb
 bounds [0x00000001116c2000, 0x0000000111932000, 0x00000001206c2000]
 total_blobs=353 nmethods=79 adapters=197
 compilation: enabled

Compilation events (10 events):
Event: 0.337 Thread 0x00007fdd5e00b000 nmethod 76 0x00000001117f0490 code [0x00000001117f0600, 0x00000001117f0828]
Event: 0.337 Thread 0x00007fdd5e00b000   75       1       java.net.URL::getRef (5 bytes)
Event: 0.337 Thread 0x00007fdd5e00b000 nmethod 75 0x00000001117f01d0 code [0x00000001117f0320, 0x00000001117f0430]
Event: 0.337 Thread 0x00007fdd5f805000 nmethod 74 0x00000001117efe10 code [0x00000001117eff60, 0x00000001117f00f8]
Event: 0.340 Thread 0x00007fdd5e00b000   77       3       sun.misc.FDBigInteger::mult (64 bytes)
Event: 0.340 Thread 0x00007fdd5e00b000 nmethod 77 0x00000001117f5f10 code [0x00000001117f6080, 0x00000001117f6330]
Event: 0.340 Thread 0x00007fdd5e00b000   78       3       sun.misc.FDBigInteger::<init> (30 bytes)
Event: 0.341 Thread 0x00007fdd5e00b000 nmethod 78 0x00000001117f5a90 code [0x00000001117f5c00, 0x00000001117f5e28]
Event: 0.341 Thread 0x00007fdd5e00b000   79       3       sun.misc.FDBigInteger::trimLeadingZeros (57 bytes)
Event: 0.341 Thread 0x00007fdd5e00b000 nmethod 79 0x00000001117f5490 code [0x00000001117f5600, 0x00000001117f5930]

GC Heap History (0 events):
No events

Deoptimization events (0 events):
No events

Internal exceptions (10 events):
Event: 0.302 Thread 0x00007fdd5f000000 Exception <a 'java/security/PrivilegedActionException'> (0x0000000795848b78) thrown at [/HUDSON3/workspace/8-2-build-macosx-x86_64/jdk8u20/1074/hotspot/src/share/vm/prims/jvm.cpp, line 1275]
Event: 0.304 Thread 0x00007fdd5f000000 Exception <a 'java/security/PrivilegedActionException'> (0x00000007958598d8) thrown at [/HUDSON3/workspace/8-2-build-macosx-x86_64/jdk8u20/1074/hotspot/src/share/vm/prims/jvm.cpp, line 1275]
Event: 0.309 Thread 0x00007fdd5f000000 Exception <a 'java/security/PrivilegedActionException'> (0x0000000795864720) thrown at [/HUDSON3/workspace/8-2-build-macosx-x86_64/jdk8u20/1074/hotspot/src/share/vm/prims/jvm.cpp, line 1275]
Event: 0.311 Thread 0x00007fdd5f000000 Exception <a 'java/security/PrivilegedActionException'> (0x000000079586f650) thrown at [/HUDSON3/workspace/8-2-build-macosx-x86_64/jdk8u20/1074/hotspot/src/share/vm/prims/jvm.cpp, line 1275]
Event: 0.324 Thread 0x00007fdd5f000000 Exception <a 'java/security/PrivilegedActionException'> (0x0000000795899d68) thrown at [/HUDSON3/workspace/8-2-build-macosx-x86_64/jdk8u20/1074/hotspot/src/share/vm/prims/jvm.cpp, line 1275]
Event: 0.324 Thread 0x00007fdd5f000000 Exception <a 'java/security/PrivilegedActionException'> (0x0000000795899f20) thrown at [/HUDSON3/workspace/8-2-build-macosx-x86_64/jdk8u20/1074/hotspot/src/share/vm/prims/jvm.cpp, line 1275]
Event: 0.324 Thread 0x00007fdd5f000000 Exception <a 'java/security/PrivilegedActionException'> (0x000000079589d2a0) thrown at [/HUDSON3/workspace/8-2-build-macosx-x86_64/jdk8u20/1074/hotspot/src/share/vm/prims/jvm.cpp, line 1275]
Event: 0.324 Thread 0x00007fdd5f000000 Exception <a 'java/security/PrivilegedActionException'> (0x000000079589d458) thrown at [/HUDSON3/workspace/8-2-build-macosx-x86_64/jdk8u20/1074/hotspot/src/share/vm/prims/jvm.cpp, line 1275]
Event: 0.336 Thread 0x00007fdd5f000000 Exception <a 'java/security/PrivilegedActionException'> (0x00000007958b1288) thrown at [/HUDSON3/workspace/8-2-build-macosx-x86_64/jdk8u20/1074/hotspot/src/share/vm/prims/jvm.cpp, line 1275]
Event: 0.336 Thread 0x00007fdd5f000000 Exception <a 'java/security/PrivilegedActionException'> (0x00000007958b2740) thrown at [/HUDSON3/workspace/8-2-build-macosx-x86_64/jdk8u20/1074/hotspot/src/share/vm/prims/jvm.cpp, line 1275]

Events (10 events):
Event: 132.585 Executing VM operation: ChangeBreakpoints
Event: 132.585 Executing VM operation: ChangeBreakpoints done
Event: 132.587 Executing VM operation: EnterInterpOnlyMode
Event: 132.587 Executing VM operation: EnterInterpOnlyMode done
Event: 132.587 Executing VM operation: GetCurrentLocation
Event: 132.587 Executing VM operation: GetCurrentLocation done
Event: 132.587 Executing VM operation: ChangeSingleStep
Event: 132.587 Executing VM operation: ChangeSingleStep done
Event: 132.588 Executing VM operation: ChangeSingleStep
Event: 132.588 Executing VM operation: ChangeSingleStep done


Dynamic libraries:
0x000000000151a000 	/System/Library/Frameworks/Cocoa.framework/Versions/A/Cocoa
0x000000000151a000 	/System/Library/Frameworks/Security.framework/Versions/A/Security
0x000000000151a000 	/System/Library/Frameworks/ApplicationServices.framework/Versions/A/ApplicationServices
0x000000000151a000 	/usr/lib/libz.1.dylib
0x000000000151a000 	/usr/lib/libSystem.B.dylib
0x000000000151a000 	/usr/lib/libobjc.A.dylib
0x000000000151a000 	/System/Library/Frameworks/CoreFoundation.framework/Versions/A/CoreFoundation
0x000000000151a000 	/System/Library/Frameworks/Foundation.framework/Versions/C/Foundation
0x000000000151a000 	/System/Library/Frameworks/AppKit.framework/Versions/C/AppKit
0x000000000151a000 	/System/Library/Frameworks/CoreData.framework/Versions/A/CoreData
0x000000000151a000 	/System/Library/PrivateFrameworks/RemoteViewServices.framework/Versions/A/RemoteViewServices
0x000000000151a000 	/System/Library/PrivateFrameworks/UIFoundation.framework/Versions/A/UIFoundation
0x000000000151a000 	/System/Library/PrivateFrameworks/DFRFoundation.framework/Versions/A/DFRFoundation
0x000000000151a000 	/System/Library/Frameworks/Metal.framework/Versions/A/Metal
0x000000000151a000 	/System/Library/PrivateFrameworks/DesktopServicesPriv.framework/Versions/A/DesktopServicesPriv
0x000000000151a000 	/usr/lib/libenergytrace.dylib
0x000000000151a000 	/System/Library/PrivateFrameworks/SkyLight.framework/Versions/A/SkyLight
0x000000000151a000 	/System/Library/Frameworks/CoreGraphics.framework/Versions/A/CoreGraphics
0x000000000151a000 	/usr/lib/libScreenReader.dylib
0x000000000151a000 	/System/Library/Frameworks/Accelerate.framework/Versions/A/Accelerate
0x000000000151a000 	/System/Library/Frameworks/IOSurface.framework/Versions/A/IOSurface
0x000000000151a000 	/System/Library/Frameworks/AudioToolbox.framework/Versions/A/AudioToolbox
0x000000000151a000 	/System/Library/Frameworks/AudioUnit.framework/Versions/A/AudioUnit
0x000000000151a000 	/System/Library/PrivateFrameworks/DataDetectorsCore.framework/Versions/A/DataDetectorsCore
0x000000000151a000 	/System/Library/Frameworks/Carbon.framework/Versions/A/Frameworks/HIToolbox.framework/Versions/A/HIToolbox
0x000000000151a000 	/usr/lib/libicucore.A.dylib
0x000000000151a000 	/System/Library/Frameworks/QuartzCore.framework/Versions/A/QuartzCore
0x000000000151a000 	/System/Library/Frameworks/Carbon.framework/Versions/A/Frameworks/SpeechRecognition.framework/Versions/A/SpeechRecognition
0x000000000151a000 	/usr/lib/libauto.dylib
0x000000000151a000 	/usr/lib/libxml2.2.dylib
0x000000000151a000 	/System/Library/PrivateFrameworks/CoreUI.framework/Versions/A/CoreUI
0x000000000151a000 	/System/Library/Frameworks/CoreAudio.framework/Versions/A/CoreAudio
0x000000000151a000 	/System/Library/Frameworks/DiskArbitration.framework/Versions/A/DiskArbitration
0x000000000151a000 	/usr/lib/liblangid.dylib
0x000000000151a000 	/System/Library/PrivateFrameworks/MultitouchSupport.framework/Versions/A/MultitouchSupport
0x000000000151a000 	/System/Library/Frameworks/IOKit.framework/Versions/A/IOKit
0x000000000151a000 	/usr/lib/libDiagnosticMessagesClient.dylib
0x000000000151a000 	/System/Library/Frameworks/CoreServices.framework/Versions/A/CoreServices
0x000000000151a000 	/System/Library/PrivateFrameworks/PerformanceAnalysis.framework/Versions/A/PerformanceAnalysis
0x000000000151a000 	/System/Library/Frameworks/OpenGL.framework/Versions/A/OpenGL
0x000000000151a000 	/System/Library/Frameworks/ColorSync.framework/Versions/A/ColorSync
0x000000000151a000 	/System/Library/Frameworks/CoreImage.framework/Versions/A/CoreImage
0x000000000151a000 	/System/Library/Frameworks/CoreText.framework/Versions/A/CoreText
0x000000000151a000 	/System/Library/Frameworks/ImageIO.framework/Versions/A/ImageIO
0x000000000151a000 	/System/Library/PrivateFrameworks/Backup.framework/Versions/A/Backup
0x000000000151a000 	/usr/lib/libarchive.2.dylib
0x000000000151a000 	/System/Library/Frameworks/CFNetwork.framework/Versions/A/CFNetwork
0x000000000151a000 	/System/Library/Frameworks/SystemConfiguration.framework/Versions/A/SystemConfiguration
0x000000000151a000 	/usr/lib/libCRFSuite.dylib
0x000000000151a000 	/usr/lib/libc++.1.dylib
0x000000000151a000 	/usr/lib/libc++abi.dylib
0x000000000151a000 	/usr/lib/system/libcache.dylib
0x000000000151a000 	/usr/lib/system/libcommonCrypto.dylib
0x000000000151a000 	/usr/lib/system/libcompiler_rt.dylib
0x000000000151a000 	/usr/lib/system/libcopyfile.dylib
0x000000000151a000 	/usr/lib/system/libcorecrypto.dylib
0x000000000151a000 	/usr/lib/system/libdispatch.dylib
0x000000000151a000 	/usr/lib/system/libdyld.dylib
0x000000000151a000 	/usr/lib/system/libkeymgr.dylib
0x000000000151a000 	/usr/lib/system/liblaunch.dylib
0x000000000151a000 	/usr/lib/system/libmacho.dylib
0x000000000151a000 	/usr/lib/system/libquarantine.dylib
0x000000000151a000 	/usr/lib/system/libremovefile.dylib
0x000000000151a000 	/usr/lib/system/libsystem_asl.dylib
0x000000000151a000 	/usr/lib/system/libsystem_blocks.dylib
0x000000000151a000 	/usr/lib/system/libsystem_c.dylib
0x000000000151a000 	/usr/lib/system/libsystem_configuration.dylib
0x000000000151a000 	/usr/lib/system/libsystem_coreservices.dylib
0x000000000151a000 	/usr/lib/system/libsystem_darwin.dylib
0x000000000151a000 	/usr/lib/system/libsystem_dnssd.dylib
0x000000000151a000 	/usr/lib/system/libsystem_info.dylib
0x000000000151a000 	/usr/lib/system/libsystem_m.dylib
0x000000000151a000 	/usr/lib/system/libsystem_malloc.dylib
0x000000000151a000 	/usr/lib/system/libsystem_network.dylib
0x000000000151a000 	/usr/lib/system/libsystem_networkextension.dylib
0x000000000151a000 	/usr/lib/system/libsystem_notify.dylib
0x000000000151a000 	/usr/lib/system/libsystem_sandbox.dylib
0x000000000151a000 	/usr/lib/system/libsystem_secinit.dylib
0x000000000151a000 	/usr/lib/system/libsystem_kernel.dylib
0x000000000151a000 	/usr/lib/system/libsystem_platform.dylib
0x000000000151a000 	/usr/lib/system/libsystem_pthread.dylib
0x000000000151a000 	/usr/lib/system/libsystem_symptoms.dylib
0x000000000151a000 	/usr/lib/system/libsystem_trace.dylib
0x000000000151a000 	/usr/lib/system/libunwind.dylib
0x000000000151a000 	/usr/lib/system/libxpc.dylib
0x000000000151a000 	/usr/lib/closure/libclosured.dylib
0x000000000151a000 	/usr/lib/libbsm.0.dylib
0x000000000151a000 	/usr/lib/system/libkxld.dylib
0x000000000151a000 	/usr/lib/libOpenScriptingUtil.dylib
0x000000000151a000 	/usr/lib/libcoretls.dylib
0x000000000151a000 	/usr/lib/libcoretls_cfhelpers.dylib
0x000000000151a000 	/usr/lib/libpam.2.dylib
0x000000000151a000 	/usr/lib/libsqlite3.dylib
0x000000000151a000 	/usr/lib/libxar.1.dylib
0x000000000151a000 	/usr/lib/libbz2.1.0.dylib
0x000000000151a000 	/usr/lib/liblzma.5.dylib
0x000000000151a000 	/usr/lib/libnetwork.dylib
0x000000000151a000 	/usr/lib/libapple_nghttp2.dylib
0x000000000151a000 	/usr/lib/libpcap.A.dylib
0x000000000151a000 	/usr/lib/libboringssl.dylib
0x000000000151a000 	/usr/lib/libusrtcp.dylib
0x000000000151a000 	/usr/lib/libapple_crypto.dylib
0x000000000151a000 	/System/Library/Frameworks/CoreServices.framework/Versions/A/Frameworks/FSEvents.framework/Versions/A/FSEvents
0x000000000151a000 	/System/Library/Frameworks/CoreServices.framework/Versions/A/Frameworks/CarbonCore.framework/Versions/A/CarbonCore
0x000000000151a000 	/System/Library/Frameworks/CoreServices.framework/Versions/A/Frameworks/Metadata.framework/Versions/A/Metadata
0x000000000151a000 	/System/Library/Frameworks/CoreServices.framework/Versions/A/Frameworks/OSServices.framework/Versions/A/OSServices
0x000000000151a000 	/System/Library/Frameworks/CoreServices.framework/Versions/A/Frameworks/SearchKit.framework/Versions/A/SearchKit
0x000000000151a000 	/System/Library/Frameworks/CoreServices.framework/Versions/A/Frameworks/AE.framework/Versions/A/AE
0x000000000151a000 	/System/Library/Frameworks/CoreServices.framework/Versions/A/Frameworks/LaunchServices.framework/Versions/A/LaunchServices
0x000000000151a000 	/System/Library/Frameworks/CoreServices.framework/Versions/A/Frameworks/DictionaryServices.framework/Versions/A/DictionaryServices
0x000000000151a000 	/System/Library/Frameworks/CoreServices.framework/Versions/A/Frameworks/SharedFileList.framework/Versions/A/SharedFileList
0x000000000151a000 	/System/Library/Frameworks/NetFS.framework/Versions/A/NetFS
0x000000000151a000 	/System/Library/PrivateFrameworks/NetAuth.framework/Versions/A/NetAuth
0x000000000151a000 	/System/Library/PrivateFrameworks/login.framework/Versions/A/Frameworks/loginsupport.framework/Versions/A/loginsupport
0x000000000151a000 	/System/Library/PrivateFrameworks/TCC.framework/Versions/A/TCC
0x000000000151a000 	/usr/lib/libmecabra.dylib
0x000000000151a000 	/System/Library/Frameworks/ApplicationServices.framework/Versions/A/Frameworks/ATS.framework/Versions/A/ATS
0x000000000151a000 	/System/Library/Frameworks/ApplicationServices.framework/Versions/A/Frameworks/ColorSyncLegacy.framework/Versions/A/ColorSyncLegacy
0x000000000151a000 	/System/Library/Frameworks/ApplicationServices.framework/Versions/A/Frameworks/HIServices.framework/Versions/A/HIServices
0x000000000151a000 	/System/Library/Frameworks/ApplicationServices.framework/Versions/A/Frameworks/LangAnalysis.framework/Versions/A/LangAnalysis
0x000000000151a000 	/System/Library/Frameworks/ApplicationServices.framework/Versions/A/Frameworks/PrintCore.framework/Versions/A/PrintCore
0x000000000151a000 	/System/Library/Frameworks/ApplicationServices.framework/Versions/A/Frameworks/QD.framework/Versions/A/QD
0x000000000151a000 	/System/Library/Frameworks/ApplicationServices.framework/Versions/A/Frameworks/SpeechSynthesis.framework/Versions/A/SpeechSynthesis
0x000000000151a000 	/System/Library/Frameworks/CoreDisplay.framework/Versions/A/CoreDisplay
0x000000000151a000 	/System/Library/Frameworks/Accelerate.framework/Versions/A/Frameworks/vImage.framework/Versions/A/vImage
0x000000000151a000 	/System/Library/Frameworks/Accelerate.framework/Versions/A/Frameworks/vecLib.framework/Versions/A/vecLib
0x000000000151a000 	/System/Library/Frameworks/Accelerate.framework/Versions/A/Frameworks/vecLib.framework/Versions/A/libvDSP.dylib
0x000000000151a000 	/System/Library/Frameworks/Accelerate.framework/Versions/A/Frameworks/vecLib.framework/Versions/A/libBNNS.dylib
0x000000000151a000 	/System/Library/Frameworks/Accelerate.framework/Versions/A/Frameworks/vecLib.framework/Versions/A/libQuadrature.dylib
0x000000000151a000 	/System/Library/Frameworks/Accelerate.framework/Versions/A/Frameworks/vecLib.framework/Versions/A/libvMisc.dylib
0x000000000151a000 	/System/Library/Frameworks/Accelerate.framework/Versions/A/Frameworks/vecLib.framework/Versions/A/libLAPACK.dylib
0x000000000151a000 	/System/Library/Frameworks/Accelerate.framework/Versions/A/Frameworks/vecLib.framework/Versions/A/libBLAS.dylib
0x000000000151a000 	/System/Library/Frameworks/Accelerate.framework/Versions/A/Frameworks/vecLib.framework/Versions/A/libLinearAlgebra.dylib
0x000000000151a000 	/System/Library/Frameworks/Accelerate.framework/Versions/A/Frameworks/vecLib.framework/Versions/A/libSparse.dylib
0x000000000151a000 	/System/Library/Frameworks/Accelerate.framework/Versions/A/Frameworks/vecLib.framework/Versions/A/libSparseBLAS.dylib
0x000000000151a000 	/System/Library/PrivateFrameworks/IOAccelerator.framework/Versions/A/IOAccelerator
0x000000000151a000 	/System/Library/PrivateFrameworks/IOPresentment.framework/Versions/A/IOPresentment
0x000000000151a000 	/System/Library/PrivateFrameworks/DSExternalDisplay.framework/Versions/A/DSExternalDisplay
0x000000000151a000 	/System/Library/Frameworks/OpenGL.framework/Versions/A/Libraries/libCoreFSCache.dylib
0x000000000151a000 	/System/Library/Frameworks/CoreVideo.framework/Versions/A/CoreVideo
0x000000000151a000 	/System/Library/PrivateFrameworks/GraphVisualizer.framework/Versions/A/GraphVisualizer
0x000000000151a000 	/System/Library/Frameworks/MetalPerformanceShaders.framework/Versions/A/MetalPerformanceShaders
0x000000000151a000 	/usr/lib/libFosl_dynamic.dylib
0x000000000151a000 	/System/Library/PrivateFrameworks/FaceCore.framework/Versions/A/FaceCore
0x000000000151a000 	/System/Library/Frameworks/OpenCL.framework/Versions/A/OpenCL
0x000000000151a000 	/usr/lib/libcompression.dylib
0x000000000151a000 	/System/Library/Frameworks/ApplicationServices.framework/Versions/A/Frameworks/ATS.framework/Versions/A/Resources/libFontParser.dylib
0x000000000151a000 	/System/Library/Frameworks/ApplicationServices.framework/Versions/A/Frameworks/ATS.framework/Versions/A/Resources/libFontRegistry.dylib
0x000000000151a000 	/System/Library/Frameworks/ImageIO.framework/Versions/A/Resources/libJPEG.dylib
0x000000000151a000 	/System/Library/Frameworks/ImageIO.framework/Versions/A/Resources/libTIFF.dylib
0x000000000151a000 	/System/Library/Frameworks/ImageIO.framework/Versions/A/Resources/libPng.dylib
0x000000000151a000 	/System/Library/Frameworks/ImageIO.framework/Versions/A/Resources/libGIF.dylib
0x000000000151a000 	/System/Library/Frameworks/ImageIO.framework/Versions/A/Resources/libJP2.dylib
0x000000000151a000 	/System/Library/Frameworks/ImageIO.framework/Versions/A/Resources/libRadiance.dylib
0x000000000151a000 	/System/Library/PrivateFrameworks/AppleJPEG.framework/Versions/A/AppleJPEG
0x000000000151a000 	/System/Library/PrivateFrameworks/MetalTools.framework/Versions/A/MetalTools
0x000000000151a000 	/System/Library/Frameworks/MetalPerformanceShaders.framework/Frameworks/MPSCore.framework/Versions/A/MPSCore
0x000000000151a000 	/System/Library/Frameworks/MetalPerformanceShaders.framework/Frameworks/MPSImage.framework/Versions/A/MPSImage
0x000000000151a000 	/System/Library/Frameworks/MetalPerformanceShaders.framework/Frameworks/MPSMatrix.framework/Versions/A/MPSMatrix
0x000000000151a000 	/System/Library/Frameworks/MetalPerformanceShaders.framework/Frameworks/MPSNeuralNetwork.framework/Versions/A/MPSNeuralNetwork
0x000000000151a000 	/System/Library/Frameworks/OpenGL.framework/Versions/A/Libraries/libGLU.dylib
0x000000000151a000 	/System/Library/Frameworks/OpenGL.framework/Versions/A/Libraries/libGFXShared.dylib
0x000000000151a000 	/System/Library/Frameworks/OpenGL.framework/Versions/A/Libraries/libGL.dylib
0x000000000151a000 	/System/Library/Frameworks/OpenGL.framework/Versions/A/Libraries/libGLImage.dylib
0x000000000151a000 	/System/Library/Frameworks/OpenGL.framework/Versions/A/Libraries/libCVMSPluginSupport.dylib
0x000000000151a000 	/System/Library/Frameworks/OpenGL.framework/Versions/A/Libraries/libCoreVMClient.dylib
0x000000000151a000 	/usr/lib/libcups.2.dylib
0x000000000151a000 	/System/Library/Frameworks/Kerberos.framework/Versions/A/Kerberos
0x000000000151a000 	/System/Library/Frameworks/GSS.framework/Versions/A/GSS
0x000000000151a000 	/usr/lib/libresolv.9.dylib
0x000000000151a000 	/usr/lib/libiconv.2.dylib
0x000000000151a000 	/System/Library/PrivateFrameworks/Heimdal.framework/Versions/A/Heimdal
0x000000000151a000 	/usr/lib/libheimdal-asn1.dylib
0x000000000151a000 	/System/Library/Frameworks/OpenDirectory.framework/Versions/A/OpenDirectory
0x000000000151a000 	/System/Library/PrivateFrameworks/CommonAuth.framework/Versions/A/CommonAuth
0x000000000151a000 	/System/Library/Frameworks/OpenDirectory.framework/Versions/A/Frameworks/CFOpenDirectory.framework/Versions/A/CFOpenDirectory
0x000000000151a000 	/System/Library/Frameworks/SecurityFoundation.framework/Versions/A/SecurityFoundation
0x000000000151a000 	/System/Library/PrivateFrameworks/APFS.framework/Versions/A/APFS
0x000000000151a000 	/usr/lib/libutil.dylib
0x000000000151a000 	/System/Library/PrivateFrameworks/AppleSauce.framework/Versions/A/AppleSauce
0x000000000151a000 	/System/Library/PrivateFrameworks/LinguisticData.framework/Versions/A/LinguisticData
0x000000000151a000 	/usr/lib/libmarisa.dylib
0x000000000151a000 	/System/Library/PrivateFrameworks/Lexicon.framework/Versions/A/Lexicon
0x000000000151a000 	/usr/lib/libChineseTokenizer.dylib
0x000000000151a000 	/usr/lib/libcmph.dylib
0x000000000151a000 	/System/Library/PrivateFrameworks/LanguageModeling.framework/Versions/A/LanguageModeling
0x000000000151a000 	/System/Library/PrivateFrameworks/CoreEmoji.framework/Versions/A/CoreEmoji
0x000000000151a000 	/System/Library/Frameworks/ServiceManagement.framework/Versions/A/ServiceManagement
0x000000000151a000 	/System/Library/PrivateFrameworks/BackgroundTaskManagement.framework/Versions/A/BackgroundTaskManagement
0x000000000151a000 	/usr/lib/libxslt.1.dylib
0x000000000151a000 	/System/Library/Frameworks/Carbon.framework/Versions/A/Frameworks/Ink.framework/Versions/A/Ink
0x000000000151a000 	/System/Library/PrivateFrameworks/TextureIO.framework/Versions/A/TextureIO
0x000000000151a000 	/usr/lib/libate.dylib
0x000000000151a000 	/System/Library/PrivateFrameworks/CrashReporterSupport.framework/Versions/A/CrashReporterSupport
0x000000000151a000 	/System/Library/PrivateFrameworks/Sharing.framework/Versions/A/Sharing
0x000000000151a000 	/System/Library/PrivateFrameworks/IconServices.framework/Versions/A/IconServices
0x000000000151a000 	/System/Library/PrivateFrameworks/ProtocolBuffer.framework/Versions/A/ProtocolBuffer
0x000000000151a000 	/System/Library/PrivateFrameworks/Apple80211.framework/Versions/A/Apple80211
0x000000000151a000 	/System/Library/Frameworks/CoreWLAN.framework/Versions/A/CoreWLAN
0x000000000151a000 	/System/Library/PrivateFrameworks/CoreUtils.framework/Versions/A/CoreUtils
0x000000000151a000 	/System/Library/Frameworks/IOBluetooth.framework/Versions/A/IOBluetooth
0x000000000151a000 	/System/Library/PrivateFrameworks/CoreWiFi.framework/Versions/A/CoreWiFi
0x000000000151a000 	/System/Library/Frameworks/CoreBluetooth.framework/Versions/A/CoreBluetooth
0x000000000151a000 	/System/Library/PrivateFrameworks/SignpostNotification.framework/Versions/A/SignpostNotification
0x000000000151a000 	/System/Library/PrivateFrameworks/DebugSymbols.framework/Versions/A/DebugSymbols
0x000000000151a000 	/System/Library/PrivateFrameworks/CoreSymbolication.framework/Versions/A/CoreSymbolication
0x000000000151a000 	/System/Library/PrivateFrameworks/Symbolication.framework/Versions/A/Symbolication
0x000000000151a000 	/System/Library/PrivateFrameworks/AppleFSCompression.framework/Versions/A/AppleFSCompression
0x000000000151a000 	/System/Library/PrivateFrameworks/SpeechRecognitionCore.framework/Versions/A/SpeechRecognitionCore
0x000000010e600000 	/Library/Java/JavaVirtualMachines/jdk1.8.0_20.jdk/Contents/Home/jre/lib/server/libjvm.dylib
0x000000000151a000 	/usr/lib/libstdc++.6.0.9.dylib
0x000000010dd87000 	/Library/Java/JavaVirtualMachines/jdk1.8.0_20.jdk/Contents/Home/jre/lib/libverify.dylib
0x000000010dd95000 	/Library/Java/JavaVirtualMachines/jdk1.8.0_20.jdk/Contents/Home/jre/lib/libjava.dylib
0x000000010f51b000 	/Library/Java/JavaVirtualMachines/jdk1.8.0_20.jdk/Contents/Home/jre/lib/libjdwp.dylib
0x000000010ddca000 	/Library/Java/JavaVirtualMachines/jdk1.8.0_20.jdk/Contents/Home/jre/lib/libnpt.dylib
0x000000010ddd7000 	/Library/Java/JavaVirtualMachines/jdk1.8.0_20.jdk/Contents/Home/jre/lib/libzip.dylib
0x000000000151a000 	/System/Library/Frameworks/JavaVM.framework/Versions/A/Frameworks/JavaRuntimeSupport.framework/Versions/A/JavaRuntimeSupport
0x000000000151a000 	/System/Library/Frameworks/JavaVM.framework/Versions/A/Frameworks/JavaNativeFoundation.framework/Versions/A/JavaNativeFoundation
0x000000000151a000 	/System/Library/Frameworks/JavaVM.framework/Versions/A/JavaVM
0x000000000151a000 	/System/Library/Frameworks/Carbon.framework/Versions/A/Carbon
0x000000000151a000 	/System/Library/PrivateFrameworks/JavaLaunching.framework/Versions/A/JavaLaunching
0x000000000151a000 	/System/Library/Frameworks/Carbon.framework/Versions/A/Frameworks/CommonPanels.framework/Versions/A/CommonPanels
0x000000000151a000 	/System/Library/Frameworks/Carbon.framework/Versions/A/Frameworks/Help.framework/Versions/A/Help
0x000000000151a000 	/System/Library/Frameworks/Carbon.framework/Versions/A/Frameworks/ImageCapture.framework/Versions/A/ImageCapture
0x000000000151a000 	/System/Library/Frameworks/Carbon.framework/Versions/A/Frameworks/OpenScripting.framework/Versions/A/OpenScripting
0x000000000151a000 	/System/Library/Frameworks/Carbon.framework/Versions/A/Frameworks/Print.framework/Versions/A/Print
0x000000000151a000 	/System/Library/Frameworks/Carbon.framework/Versions/A/Frameworks/SecurityHI.framework/Versions/A/SecurityHI
0x000000010dde9000 	/Library/Java/JavaVirtualMachines/jdk1.8.0_20.jdk/Contents/Home/jre/lib/libdt_socket.dylib
0x0000000111605000 	/Library/Java/JavaVirtualMachines/jdk1.8.0_20.jdk/Contents/Home/jre/lib/libnio.dylib
0x0000000126980000 	/Library/Java/JavaVirtualMachines/jdk1.8.0_20.jdk/Contents/Home/jre/lib/./libnet.dylib

VM Arguments:
jvm_args: -agentlib:jdwp=transport=dt_socket,suspend=y,address=localhost:57686 -Dfile.encoding=UTF-8 
java_command: system.theSystem
java_class_path (initial): /Users/CarlosAlberto/Documents/WorkspaceData/Project1/bin
Launcher Type: SUN_STANDARD

Environment Variables:
PATH=/usr/bin:/bin:/usr/sbin:/sbin
SHELL=/bin/bash

Signal Handlers:
SIGSEGV: [libjvm.dylib+0x578fd7], sa_mask[0]=11111111011111110111111111111111, sa_flags=SA_ONSTACK|SA_RESTART|SA_SIGINFO
SIGBUS: [libjvm.dylib+0x578fd7], sa_mask[0]=11111111011111110111111111111111, sa_flags=SA_RESTART|SA_SIGINFO
SIGFPE: [libjvm.dylib+0x45ab0c], sa_mask[0]=11111111011111110111111111111111, sa_flags=SA_RESTART|SA_SIGINFO
SIGPIPE: [libjvm.dylib+0x45ab0c], sa_mask[0]=11111111011111110111111111111111, sa_flags=SA_RESTART|SA_SIGINFO
SIGXFSZ: [libjvm.dylib+0x45ab0c], sa_mask[0]=11111111011111110111111111111111, sa_flags=SA_RESTART|SA_SIGINFO
SIGILL: [libjvm.dylib+0x45ab0c], sa_mask[0]=11111111011111110111111111111111, sa_flags=SA_RESTART|SA_SIGINFO
SIGUSR1: SIG_DFL, sa_mask[0]=00000000000000000000000000000000, sa_flags=none
SIGUSR2: [libjvm.dylib+0x45a62a], sa_mask[0]=00100000000000000000000000000000, sa_flags=SA_RESTART|SA_SIGINFO
SIGHUP: [libjvm.dylib+0x458bfd], sa_mask[0]=11111111011111110111111111111111, sa_flags=SA_RESTART|SA_SIGINFO
SIGINT: [libjvm.dylib+0x458bfd], sa_mask[0]=11111111011111110111111111111111, sa_flags=SA_RESTART|SA_SIGINFO
SIGTERM: [libjvm.dylib+0x458bfd], sa_mask[0]=11111111011111110111111111111111, sa_flags=SA_RESTART|SA_SIGINFO
SIGQUIT: [libjvm.dylib+0x458bfd], sa_mask[0]=11111111011111110111111111111111, sa_flags=SA_RESTART|SA_SIGINFO


---------------  S Y S T E M  ---------------

OS:Bsduname:Darwin 17.2.0 Darwin Kernel Version 17.2.0: Fri Sep 29 18:27:05 PDT 2017; root:xnu-4570.20.62~3/RELEASE_X86_64 x86_64
rlimit: STACK 8192k, CORE 0k, NPROC 709, NOFILE 10240, AS infinity
load average:1.89 2.05 2.02

CPU:total 4 (2 cores per cpu, 2 threads per core) family 6 model 58 stepping 9, cmov, cx8, fxsr, mmx, sse, sse2, sse3, ssse3, sse4.1, sse4.2, popcnt, avx, aes, clmul, erms, ht, tsc, tscinvbit, tscinv

Memory: 4k page, physical 8388608k(40684k free)

/proc/meminfo:


vm_info: Java HotSpot(TM) 64-Bit Server VM (25.20-b23) for bsd-amd64 JRE (1.8.0_20-b26), built on Jul 30 2014 13:37:47 by "java_re" with gcc 4.2.1 (Based on Apple Inc. build 5658) (LLVM build 2336.9.00)

time: Sun Dec 10 01:58:11 2017
elapsed time: 132 seconds (0d 0h 2m 12s)

